IP Upgrade report for DE10DAQ
Wed Feb 02 22:22:00 2022
Quartus Prime Version 20.1.1 Build 720 11/11/2020 SJ Lite Edition


---------------------
; Table of Contents ;
---------------------
  1. Legal Notice
  2. IP Upgrade Summary
  3. Successfully Upgraded IP Components
  4. IP Upgrade Messages



----------------
; Legal Notice ;
----------------
Copyright (C) 2020  Intel Corporation. All rights reserved.
Your use of Intel Corporation's design tools, logic functions 
and other software and tools, and any partner logic 
functions, and any output files from any of the foregoing 
(including device programming or simulation files), and any 
associated documentation or information are expressly subject 
to the terms and conditions of the Intel Program License 
Subscription Agreement, the Intel Quartus Prime License Agreement,
the Intel FPGA IP License Agreement, or other applicable license
agreement, including, without limitation, that your use is for
the sole purpose of programming logic devices manufactured by
Intel and sold by Intel or its authorized distributors.  Please
refer to the applicable agreement for further details, at
https://fpgasoftware.intel.com/eula.



+----------------------------------------------------------------------------+
; IP Upgrade Summary                                                         ;
+------------------------------+---------------------------------------------+
; IP Components Upgrade Status ; Passed - Wed Feb 02 22:22:00 2022           ;
; Quartus Prime Version        ; 20.1.1 Build 720 11/11/2020 SJ Lite Edition ;
; Revision Name                ; DE10DAQ                                     ;
; Top-level Entity Name        ; DE10DAQ_TOP                                 ;
; Family                       ; Cyclone V                                   ;
+------------------------------+---------------------------------------------+


+-----------------------------------------------------------------------------------------------------------------------------------------------------------------------------+
; Successfully Upgraded IP Components                                                                                                                                         ;
+-------------+------------------------------+---------+-------------------------------------+--------------------------------+-------------------------------------+---------+
; Entity Name ; Component Name               ; Version ; Original Source File                ; Generation File Path           ; New Source File                     ; Message ;
+-------------+------------------------------+---------+-------------------------------------+--------------------------------+-------------------------------------+---------+
; soc_system  ; Qsys                         ; 18.1    ; soc_system/synthesis/soc_system.qip ; soc_system.qsys                ; soc_system/synthesis/soc_system.qip ;         ;
; EventFifo   ; FIFO                         ; 18.1    ; logic/EventFifo.qip                 ; logic/EventFifo.vhd            ; logic/EventFifo.qip                 ;         ;
; CommandFifo ; FIFO                         ; 18.1    ; logic/CommandFifo.qip               ; logic/CommandFifo.vhd          ; logic/CommandFifo.qip               ;         ;
; hps_reset   ; In-System Sources and Probes ; 18.1    ; ip/altsource_probe/hps_reset.qip    ; ip/altsource_probe/hps_reset.v ; ip/altsource_probe/hps_reset.qip    ;         ;
+-------------+------------------------------+---------+-------------------------------------+--------------------------------+-------------------------------------+---------+


+---------------------+
; IP Upgrade Messages ;
+---------------------+
Info (11902): Backing up file "soc_system.qsys" to "soc_system.BAK.qsys"
Info (11902): Backing up file "soc_system/synthesis/soc_system.vhd" to "soc_system.BAK.vhd"
Info (11837): Started upgrading IP component Qsys with file "soc_system.qsys"
Info: 2022.02.02.22:13:33 Info: Starting to upgrade the IP cores in the Platform Designer system
Info: 2022.02.02.22:13:33 Info: Finished upgrading the ip cores
Info: 2022.02.02.22:14:46 Info: Saving generation log to C:/Users/matti/work/pond/daq_msd_dma_pg/soc_system
Info: 2022.02.02.22:14:46 Info: Starting: Create block symbol file (.bsf)
Info: 2022.02.02.22:14:46 Info: qsys-generate C:\Users\matti\work\pond\daq_msd_dma_pg\soc_system.qsys --block-symbol-file --output-directory=C:\Users\matti\work\pond\daq_msd_dma_pg\soc_system --family="Cyclone V" --part=5CSEBA6U23I7
Info: 2022.02.02.22:14:46 Info: Loading daq_msd_dma_pg
Info: 2022.02.02.22:14:49 Info: Reading input file
Info: 2022.02.02.22:14:49 Info: Adding DDR3_manager_0 [DDR3_manager 2.0]
Info: 2022.02.02.22:14:49 Info: Parameterizing module DDR3_manager_0
Info: 2022.02.02.22:14:49 Info: Adding ILC [interrupt_latency_counter 20.1]
Info: 2022.02.02.22:14:49 Info: Parameterizing module ILC
Info: 2022.02.02.22:14:49 Info: Adding button_pio [altera_avalon_pio 20.1]
Info: 2022.02.02.22:14:49 Info: Parameterizing module button_pio
Info: 2022.02.02.22:14:49 Info: Adding clk_0 [clock_source 20.1]
Info: 2022.02.02.22:14:49 Info: Parameterizing module clk_0
Info: 2022.02.02.22:14:49 Info: Adding dipsw_pio [altera_avalon_pio 20.1]
Info: 2022.02.02.22:14:49 Info: Parameterizing module dipsw_pio
Info: 2022.02.02.22:14:49 Info: Adding f2sdram_only_master [altera_jtag_avalon_master 20.1]
Info: 2022.02.02.22:14:49 Info: Parameterizing module f2sdram_only_master
Info: 2022.02.02.22:14:49 Info: Adding fpga_only_master [altera_jtag_avalon_master 20.1]
Info: 2022.02.02.22:14:49 Info: Parameterizing module fpga_only_master
Info: 2022.02.02.22:14:49 Info: Adding hps_0 [altera_hps 20.1]
Info: 2022.02.02.22:14:49 Info: Parameterizing module hps_0
Info: 2022.02.02.22:14:49 Info: Adding hps_only_master [altera_jtag_avalon_master 20.1]
Info: 2022.02.02.22:14:49 Info: Parameterizing module hps_only_master
Info: 2022.02.02.22:14:49 Info: Adding iofifocontrol_0 [iofifocontrol 2.0]
Info: 2022.02.02.22:14:49 Info: Parameterizing module iofifocontrol_0
Info: 2022.02.02.22:14:49 Info: Adding jtag_uart [altera_avalon_jtag_uart 20.1]
Info: 2022.02.02.22:14:49 Info: Parameterizing module jtag_uart
Info: 2022.02.02.22:14:49 Info: Adding led_pio [altera_avalon_pio 20.1]
Info: 2022.02.02.22:14:49 Info: Parameterizing module led_pio
Info: 2022.02.02.22:14:49 Info: Adding mm_bridge_0 [altera_avalon_mm_bridge 20.1]
Info: 2022.02.02.22:14:49 Info: Parameterizing module mm_bridge_0
Info: 2022.02.02.22:14:49 Info: Adding sysid_qsys [altera_avalon_sysid_qsys 20.1]
Info: 2022.02.02.22:14:49 Info: Parameterizing module sysid_qsys
Info: 2022.02.02.22:14:49 Info: Adding version_pio [altera_avalon_pio 20.1]
Info: 2022.02.02.22:14:49 Info: Parameterizing module version_pio
Info: 2022.02.02.22:14:49 Info: Building connections
Info: 2022.02.02.22:14:49 Info: Parameterizing connections
Info: 2022.02.02.22:14:49 Info: Validating
Info: 2022.02.02.22:15:26 Info: Done reading input file
Info: 2022.02.02.22:15:42 Info: soc_system.button_pio: PIO inputs are not hardwired in test bench. Undefined values will be read from PIO inputs during simulation.
Info: 2022.02.02.22:15:42 Info: soc_system.dipsw_pio: PIO inputs are not hardwired in test bench. Undefined values will be read from PIO inputs during simulation.
Warning: 2022.02.02.22:15:42 Warning: soc_system.hps_0: Setting the slave port width of interface f2h_sdram0 to 32 results in bandwidth under-utilization.  Altera recommends you set the interface data width to 64-bit or greater.
Info: 2022.02.02.22:15:42 Info: soc_system.hps_0: HPS Main PLL counter settings: n = 0  m = 63
Info: 2022.02.02.22:15:42 Info: soc_system.hps_0: HPS peripherial PLL counter settings: n = 0  m = 39
Info: 2022.02.02.22:15:42 Info: soc_system.jtag_uart: JTAG UART IP input clock need to be at least double (2x) the operating frequency of JTAG TCK on board
Info: 2022.02.02.22:15:42 Info: soc_system.sysid_qsys: System ID is not assigned automatically. Edit the System ID parameter to provide a unique ID
Info: 2022.02.02.22:15:42 Info: soc_system.sysid_qsys: Time stamp will be automatically updated when this component is generated.
Info: 2022.02.02.22:15:42 Info: soc_system.version_pio: PIO inputs are not hardwired in test bench. Undefined values will be read from PIO inputs during simulation.
Info: 2022.02.02.22:15:44 Info: qsys-generate succeeded.
Info: 2022.02.02.22:15:44 Info: Finished: Create block symbol file (.bsf)
Info: 2022.02.02.22:15:44 Info:
Info: 2022.02.02.22:15:44 Info: Starting: Create HDL design files for synthesis
Info: 2022.02.02.22:15:44 Info: qsys-generate C:\Users\matti\work\pond\daq_msd_dma_pg\soc_system.qsys --synthesis=VHDL --output-directory=C:\Users\matti\work\pond\daq_msd_dma_pg\soc_system\synthesis --family="Cyclone V" --part=5CSEBA6U23I7
Info: 2022.02.02.22:15:44 Info: Loading daq_msd_dma_pg
Info: 2022.02.02.22:15:46 Info: Reading input file
Info: 2022.02.02.22:15:46 Info: Adding DDR3_manager_0 [DDR3_manager 2.0]
Info: 2022.02.02.22:15:46 Info: Parameterizing module DDR3_manager_0
Info: 2022.02.02.22:15:46 Info: Adding ILC [interrupt_latency_counter 20.1]
Info: 2022.02.02.22:15:46 Info: Parameterizing module ILC
Info: 2022.02.02.22:15:46 Info: Adding button_pio [altera_avalon_pio 20.1]
Info: 2022.02.02.22:15:46 Info: Parameterizing module button_pio
Info: 2022.02.02.22:15:46 Info: Adding clk_0 [clock_source 20.1]
Info: 2022.02.02.22:15:46 Info: Parameterizing module clk_0
Info: 2022.02.02.22:15:46 Info: Adding dipsw_pio [altera_avalon_pio 20.1]
Info: 2022.02.02.22:15:46 Info: Parameterizing module dipsw_pio
Info: 2022.02.02.22:15:46 Info: Adding f2sdram_only_master [altera_jtag_avalon_master 20.1]
Info: 2022.02.02.22:15:46 Info: Parameterizing module f2sdram_only_master
Info: 2022.02.02.22:15:46 Info: Adding fpga_only_master [altera_jtag_avalon_master 20.1]
Info: 2022.02.02.22:15:46 Info: Parameterizing module fpga_only_master
Info: 2022.02.02.22:15:46 Info: Adding hps_0 [altera_hps 20.1]
Info: 2022.02.02.22:15:46 Info: Parameterizing module hps_0
Info: 2022.02.02.22:15:46 Info: Adding hps_only_master [altera_jtag_avalon_master 20.1]
Info: 2022.02.02.22:15:46 Info: Parameterizing module hps_only_master
Info: 2022.02.02.22:15:46 Info: Adding iofifocontrol_0 [iofifocontrol 2.0]
Info: 2022.02.02.22:15:46 Info: Parameterizing module iofifocontrol_0
Info: 2022.02.02.22:15:46 Info: Adding jtag_uart [altera_avalon_jtag_uart 20.1]
Info: 2022.02.02.22:15:46 Info: Parameterizing module jtag_uart
Info: 2022.02.02.22:15:46 Info: Adding led_pio [altera_avalon_pio 20.1]
Info: 2022.02.02.22:15:46 Info: Parameterizing module led_pio
Info: 2022.02.02.22:15:46 Info: Adding mm_bridge_0 [altera_avalon_mm_bridge 20.1]
Info: 2022.02.02.22:15:46 Info: Parameterizing module mm_bridge_0
Info: 2022.02.02.22:15:46 Info: Adding sysid_qsys [altera_avalon_sysid_qsys 20.1]
Info: 2022.02.02.22:15:46 Info: Parameterizing module sysid_qsys
Info: 2022.02.02.22:15:46 Info: Adding version_pio [altera_avalon_pio 20.1]
Info: 2022.02.02.22:15:46 Info: Parameterizing module version_pio
Info: 2022.02.02.22:15:46 Info: Building connections
Info: 2022.02.02.22:15:46 Info: Parameterizing connections
Info: 2022.02.02.22:15:46 Info: Validating
Info: 2022.02.02.22:16:26 Info: Done reading input file
Info: 2022.02.02.22:16:45 Info: soc_system.button_pio: PIO inputs are not hardwired in test bench. Undefined values will be read from PIO inputs during simulation.
Info: 2022.02.02.22:16:45 Info: soc_system.dipsw_pio: PIO inputs are not hardwired in test bench. Undefined values will be read from PIO inputs during simulation.
Warning: 2022.02.02.22:16:45 Warning: soc_system.hps_0: Setting the slave port width of interface f2h_sdram0 to 32 results in bandwidth under-utilization.  Altera recommends you set the interface data width to 64-bit or greater.
Info: 2022.02.02.22:16:45 Info: soc_system.hps_0: HPS Main PLL counter settings: n = 0  m = 63
Info: 2022.02.02.22:16:45 Info: soc_system.hps_0: HPS peripherial PLL counter settings: n = 0  m = 39
Info: 2022.02.02.22:16:45 Info: soc_system.jtag_uart: JTAG UART IP input clock need to be at least double (2x) the operating frequency of JTAG TCK on board
Info: 2022.02.02.22:16:45 Info: soc_system.sysid_qsys: System ID is not assigned automatically. Edit the System ID parameter to provide a unique ID
Info: 2022.02.02.22:16:45 Info: soc_system.sysid_qsys: Time stamp will be automatically updated when this component is generated.
Info: 2022.02.02.22:16:45 Info: soc_system.version_pio: PIO inputs are not hardwired in test bench. Undefined values will be read from PIO inputs during simulation.
Info: 2022.02.02.22:16:53 Info: soc_system: Generating soc_system "soc_system" for QUARTUS_SYNTH
Info: 2022.02.02.22:17:17 Info: Interconnect is inserted between master DDR3_manager_0.avalon_master and slave hps_0.f2h_sdram0_data because the master has address signal 32 bit wide, but the slave is 30 bit wide.
Info: 2022.02.02.22:17:35 Info: Interconnect is inserted between master hps_only_master.master and slave hps_0.f2h_axi_slave because the master is of type avalon and the slave is of type axi.
Warning: 2022.02.02.22:17:39 Warning: hps_0.f2h_irq0: Cannot connect clock for irq_mapper_001.sender
Warning: 2022.02.02.22:17:39 Warning: hps_0.f2h_irq0: Cannot connect reset for irq_mapper_001.sender
Warning: 2022.02.02.22:17:39 Warning: hps_0.f2h_irq1: Cannot connect clock for irq_mapper_002.sender
Warning: 2022.02.02.22:17:39 Warning: hps_0.f2h_irq1: Cannot connect reset for irq_mapper_002.sender
Info: 2022.02.02.22:18:10 Info: DDR3_manager_0: "soc_system" instantiated DDR3_manager "DDR3_manager_0"
Info: 2022.02.02.22:18:11 Info: ILC: "soc_system" instantiated interrupt_latency_counter "ILC"
Info: 2022.02.02.22:18:11 Info: button_pio: Starting RTL generation for module 'soc_system_button_pio'
Info: 2022.02.02.22:18:11 Info: button_pio:   Generation command is [exec C:/intelfpga_lite/20.1/quartus/bin64/perl/bin/perl.exe -I C:/intelfpga_lite/20.1/quartus/bin64/perl/lib -I C:/intelfpga_lite/20.1/quartus/sopc_builder/bin/europa -I C:/intelfpga_lite/20.1/quartus/sopc_builder/bin -I C:/intelfpga_lite/20.1/quartus/../ip/altera/sopc_builder_ip/common -I C:/intelfpga_lite/20.1/quartus/../ip/altera/sopc_builder_ip/altera_avalon_pio -- C:/intelfpga_lite/20.1/quartus/../ip/altera/sopc_builder_ip/altera_avalon_pio/generate_rtl.pl --name=soc_system_button_pio --dir=C:/Users/matti/AppData/Local/Temp/alt9025_5629249259133713519.dir/0004_button_pio_gen/ --quartus_dir=C:/intelfpga_lite/20.1/quartus --verilog --config=C:/Users/matti/AppData/Local/Temp/alt9025_5629249259133713519.dir/0004_button_pio_gen/
Info: 2022.02.02.22:18:12 Info: button_pio: Done RTL generation for module 'soc_system_button_pio'
Info: 2022.02.02.22:18:13 Info: button_pio: "soc_system" instantiated altera_avalon_pio "button_pio"
Info: 2022.02.02.22:18:13 Info: dipsw_pio: Starting RTL generation for module 'soc_system_dipsw_pio'
Info: 2022.02.02.22:18:13 Info: dipsw_pio:   Generation command is [exec C:/intelfpga_lite/20.1/quartus/bin64/perl/bin/perl.exe -I C:/intelfpga_lite/20.1/quartus/bin64/perl/lib -I C:/intelfpga_lite/20.1/quartus/sopc_builder/bin/europa -I C:/intelfpga_lite/20.1/quartus/sopc_builder/bin -I C:/intelfpga_lite/20.1/quartus/../ip/altera/sopc_builder_ip/common -I C:/intelfpga_lite/20.1/quartus/../ip/altera/sopc_builder_ip/altera_avalon_pio -- C:/intelfpga_lite/20.1/quartus/../ip/altera/sopc_builder_ip/altera_avalon_pio/generate_rtl.pl --name=soc_system_dipsw_pio --dir=C:/Users/matti/AppData/Local/Temp/alt9025_5629249259133713519.dir/0005_dipsw_pio_gen/ --quartus_dir=C:/intelfpga_lite/20.1/quartus --verilog --config=C:/Users/matti/AppData/Local/Temp/alt9025_5629249259133713519.dir/0005_dipsw_pio_gen/
Info: 2022.02.02.22:18:13 Info: dipsw_pio: Done RTL generation for module 'soc_system_dipsw_pio'
Info: 2022.02.02.22:18:13 Info: dipsw_pio: "soc_system" instantiated altera_avalon_pio "dipsw_pio"
Info: 2022.02.02.22:18:18 Info: fpga_only_master: "soc_system" instantiated altera_jtag_avalon_master "fpga_only_master"
Info: 2022.02.02.22:18:18 Info: hps_0: "Running  for module: hps_0"
Warning: 2022.02.02.22:18:18 Warning: hps_0: Setting the slave port width of interface f2h_sdram0 to 32 results in bandwidth under-utilization.  Altera recommends you set the interface data width to 64-bit or greater.
Info: 2022.02.02.22:18:20 Info: hps_0: HPS Main PLL counter settings: n = 0  m = 63
Info: 2022.02.02.22:18:22 Info: hps_0: HPS peripherial PLL counter settings: n = 0  m = 39
Info: 2022.02.02.22:18:35 Info: hps_0: "soc_system" instantiated altera_hps "hps_0"
Info: 2022.02.02.22:18:35 Info: iofifocontrol_0: "soc_system" instantiated iofifocontrol "iofifocontrol_0"
Info: 2022.02.02.22:18:35 Info: jtag_uart: Starting RTL generation for module 'soc_system_jtag_uart'
Info: 2022.02.02.22:18:35 Info: jtag_uart:   Generation command is [exec C:/intelfpga_lite/20.1/quartus/bin64/perl/bin/perl.exe -I C:/intelfpga_lite/20.1/quartus/bin64/perl/lib -I C:/intelfpga_lite/20.1/quartus/sopc_builder/bin/europa -I C:/intelfpga_lite/20.1/quartus/sopc_builder/bin -I C:/intelfpga_lite/20.1/quartus/../ip/altera/sopc_builder_ip/common -I C:/intelfpga_lite/20.1/quartus/../ip/altera/sopc_builder_ip/altera_avalon_jtag_uart -- C:/intelfpga_lite/20.1/quartus/../ip/altera/sopc_builder_ip/altera_avalon_jtag_uart/generate_rtl.pl --name=soc_system_jtag_uart --dir=C:/Users/matti/AppData/Local/Temp/alt9025_5629249259133713519.dir/0007_jtag_uart_gen/ --quartus_dir=C:/intelfpga_lite/20.1/quartus --verilog --config=C:/Users/matti/AppData/Local/Temp/alt9025_5629249259133713519.dir/0007_jtag_uart_gen/
Info: 2022.02.02.22:18:36 Info: jtag_uart: Done RTL generation for module 'soc_system_jtag_uart'
Info: 2022.02.02.22:18:36 Info: jtag_uart: "soc_system" instantiated altera_avalon_jtag_uart "jtag_uart"
Info: 2022.02.02.22:18:36 Info: led_pio: Starting RTL generation for module 'soc_system_led_pio'
Info: 2022.02.02.22:18:36 Info: led_pio:   Generation command is [exec C:/intelfpga_lite/20.1/quartus/bin64/perl/bin/perl.exe -I C:/intelfpga_lite/20.1/quartus/bin64/perl/lib -I C:/intelfpga_lite/20.1/quartus/sopc_builder/bin/europa -I C:/intelfpga_lite/20.1/quartus/sopc_builder/bin -I C:/intelfpga_lite/20.1/quartus/../ip/altera/sopc_builder_ip/common -I C:/intelfpga_lite/20.1/quartus/../ip/altera/sopc_builder_ip/altera_avalon_pio -- C:/intelfpga_lite/20.1/quartus/../ip/altera/sopc_builder_ip/altera_avalon_pio/generate_rtl.pl --name=soc_system_led_pio --dir=C:/Users/matti/AppData/Local/Temp/alt9025_5629249259133713519.dir/0008_led_pio_gen/ --quartus_dir=C:/intelfpga_lite/20.1/quartus --verilog --config=C:/Users/matti/AppData/Local/Temp/alt9025_5629249259133713519.dir/0008_led_pio_gen/
Info: 2022.02.02.22:18:36 Info: led_pio: Done RTL generation for module 'soc_system_led_pio'
Info: 2022.02.02.22:18:36 Info: led_pio: "soc_system" instantiated altera_avalon_pio "led_pio"
Info: 2022.02.02.22:18:36 Info: mm_bridge_0: "soc_system" instantiated altera_avalon_mm_bridge "mm_bridge_0"
Info: 2022.02.02.22:18:36 Info: sysid_qsys: "soc_system" instantiated altera_avalon_sysid_qsys "sysid_qsys"
Info: 2022.02.02.22:18:36 Info: version_pio: Starting RTL generation for module 'soc_system_version_pio'
Info: 2022.02.02.22:18:36 Info: version_pio:   Generation command is [exec C:/intelfpga_lite/20.1/quartus/bin64/perl/bin/perl.exe -I C:/intelfpga_lite/20.1/quartus/bin64/perl/lib -I C:/intelfpga_lite/20.1/quartus/sopc_builder/bin/europa -I C:/intelfpga_lite/20.1/quartus/sopc_builder/bin -I C:/intelfpga_lite/20.1/quartus/../ip/altera/sopc_builder_ip/common -I C:/intelfpga_lite/20.1/quartus/../ip/altera/sopc_builder_ip/altera_avalon_pio -- C:/intelfpga_lite/20.1/quartus/../ip/altera/sopc_builder_ip/altera_avalon_pio/generate_rtl.pl --name=soc_system_version_pio --dir=C:/Users/matti/AppData/Local/Temp/alt9025_5629249259133713519.dir/0011_version_pio_gen/ --quartus_dir=C:/intelfpga_lite/20.1/quartus --verilog --config=C:/Users/matti/AppData/Local/Temp/alt9025_5629249259133713519.dir/0011_version_pio_gen/
Info: 2022.02.02.22:18:37 Info: version_pio: Done RTL generation for module 'soc_system_version_pio'
Info: 2022.02.02.22:18:37 Info: version_pio: "soc_system" instantiated altera_avalon_pio "version_pio"
Info: 2022.02.02.22:18:44 Info: mm_interconnect_0: "soc_system" instantiated altera_mm_interconnect "mm_interconnect_0"
Info: 2022.02.02.22:19:12 Info: avalon_st_adapter: Inserting error_adapter: error_adapter_0
Info: 2022.02.02.22:19:14 Info: avalon_st_adapter_001: Inserting error_adapter: error_adapter_0
Info: 2022.02.02.22:19:16 Info: avalon_st_adapter_002: Inserting error_adapter: error_adapter_0
Info: 2022.02.02.22:19:19 Info: avalon_st_adapter_003: Inserting error_adapter: error_adapter_0
Info: 2022.02.02.22:19:21 Info: avalon_st_adapter_004: Inserting error_adapter: error_adapter_0
Info: 2022.02.02.22:19:23 Info: avalon_st_adapter_005: Inserting error_adapter: error_adapter_0
Info: 2022.02.02.22:19:26 Info: avalon_st_adapter_006: Inserting error_adapter: error_adapter_0
Info: 2022.02.02.22:19:28 Info: avalon_st_adapter_007: Inserting error_adapter: error_adapter_0
Info: 2022.02.02.22:19:30 Info: avalon_st_adapter_008: Inserting error_adapter: error_adapter_0
Info: 2022.02.02.22:19:51 Info: mm_interconnect_1: "soc_system" instantiated altera_mm_interconnect "mm_interconnect_1"
Info: 2022.02.02.22:19:58 Info: mm_interconnect_2: "soc_system" instantiated altera_mm_interconnect "mm_interconnect_2"
Info: 2022.02.02.22:19:58 Info: irq_mapper: "soc_system" instantiated altera_irq_mapper "irq_mapper"
Info: 2022.02.02.22:19:58 Info: irq_mapper_001: "soc_system" instantiated altera_irq_mapper "irq_mapper_001"
Info: 2022.02.02.22:19:58 Info: irq_mapper_002: "soc_system" instantiated altera_irq_mapper "irq_mapper_002"
Info: 2022.02.02.22:19:58 Info: rst_controller: "soc_system" instantiated altera_reset_controller "rst_controller"
Info: 2022.02.02.22:19:59 Info: jtag_phy_embedded_in_jtag_master: "fpga_only_master" instantiated altera_jtag_dc_streaming "jtag_phy_embedded_in_jtag_master"
Info: 2022.02.02.22:19:59 Info: timing_adt: "fpga_only_master" instantiated timing_adapter "timing_adt"
Info: 2022.02.02.22:19:59 Info: fifo: "fpga_only_master" instantiated altera_avalon_sc_fifo "fifo"
Info: 2022.02.02.22:19:59 Info: b2p: "fpga_only_master" instantiated altera_avalon_st_bytes_to_packets "b2p"
Info: 2022.02.02.22:19:59 Info: p2b: "fpga_only_master" instantiated altera_avalon_st_packets_to_bytes "p2b"
Info: 2022.02.02.22:19:59 Info: transacto: "fpga_only_master" instantiated altera_avalon_packets_to_master "transacto"
Info: 2022.02.02.22:19:59 Info: b2p_adapter: "fpga_only_master" instantiated channel_adapter "b2p_adapter"
Info: 2022.02.02.22:19:59 Info: p2b_adapter: "fpga_only_master" instantiated channel_adapter "p2b_adapter"
Info: 2022.02.02.22:19:59 Info: fpga_interfaces: "hps_0" instantiated altera_interface_generator "fpga_interfaces"
Info: 2022.02.02.22:20:03 Info: hps_io: "hps_0" instantiated altera_hps_io "hps_io"
Info: 2022.02.02.22:20:03 Info: DDR3_manager_0_avalon_master_translator: "mm_interconnect_0" instantiated altera_merlin_master_translator "DDR3_manager_0_avalon_master_translator"
Info: 2022.02.02.22:20:03 Info: hps_0_f2h_sdram0_data_translator: "mm_interconnect_0" instantiated altera_merlin_slave_translator "hps_0_f2h_sdram0_data_translator"
Info: 2022.02.02.22:20:03 Info: hps_0_h2f_lw_axi_master_agent: "mm_interconnect_1" instantiated altera_merlin_axi_master_ni "hps_0_h2f_lw_axi_master_agent"
Info: 2022.02.02.22:20:03 Info: mm_bridge_0_m0_agent: "mm_interconnect_1" instantiated altera_merlin_master_agent "mm_bridge_0_m0_agent"
Info: 2022.02.02.22:20:03 Info: iofifocontrol_0_avalon_slave_0_agent: "mm_interconnect_1" instantiated altera_merlin_slave_agent "iofifocontrol_0_avalon_slave_0_agent"
Info: 2022.02.02.22:20:03 Info: router: "mm_interconnect_1" instantiated altera_merlin_router "router"
Info: 2022.02.02.22:20:03 Info: router_002: "mm_interconnect_1" instantiated altera_merlin_router "router_002"
Info: 2022.02.02.22:20:04 Info: router_004: "mm_interconnect_1" instantiated altera_merlin_router "router_004"
Info: 2022.02.02.22:20:04 Info: router_006: "mm_interconnect_1" instantiated altera_merlin_router "router_006"
Info: 2022.02.02.22:20:04 Info: router_011: "mm_interconnect_1" instantiated altera_merlin_router "router_011"
Info: 2022.02.02.22:20:04 Info: hps_0_h2f_lw_axi_master_wr_limiter: "mm_interconnect_1" instantiated altera_merlin_traffic_limiter "hps_0_h2f_lw_axi_master_wr_limiter"
Info: 2022.02.02.22:20:04 Info: Reusing file C:/Users/matti/work/pond/daq_msd_dma_pg/soc_system/synthesis/submodules
Info: 2022.02.02.22:20:04 Info: Reusing file C:/Users/matti/work/pond/daq_msd_dma_pg/soc_system/synthesis/submodules
Info: 2022.02.02.22:20:04 Info: iofifocontrol_0_avalon_slave_0_burst_adapter: "mm_interconnect_1" instantiated altera_merlin_burst_adapter "iofifocontrol_0_avalon_slave_0_burst_adapter"
Info: 2022.02.02.22:20:04 Info: Reusing file C:/Users/matti/work/pond/daq_msd_dma_pg/soc_system/synthesis/submodules
Info: 2022.02.02.22:20:04 Info: Reusing file C:/Users/matti/work/pond/daq_msd_dma_pg/soc_system/synthesis/submodules
Info: 2022.02.02.22:20:04 Info: Reusing file C:/Users/matti/work/pond/daq_msd_dma_pg/soc_system/synthesis/submodules
Info: 2022.02.02.22:20:04 Info: cmd_demux: "mm_interconnect_1" instantiated altera_merlin_demultiplexer "cmd_demux"
Info: 2022.02.02.22:20:04 Info: cmd_demux_002: "mm_interconnect_1" instantiated altera_merlin_demultiplexer "cmd_demux_002"
Info: 2022.02.02.22:20:04 Info: cmd_mux: "mm_interconnect_1" instantiated altera_merlin_multiplexer "cmd_mux"
Info: 2022.02.02.22:20:04 Info: cmd_mux_002: "mm_interconnect_1" instantiated altera_merlin_multiplexer "cmd_mux_002"
Info: 2022.02.02.22:20:04 Info: Reusing file C:/Users/matti/work/pond/daq_msd_dma_pg/soc_system/synthesis/submodules
Info: 2022.02.02.22:20:04 Info: rsp_demux: "mm_interconnect_1" instantiated altera_merlin_demultiplexer "rsp_demux"
Info: 2022.02.02.22:20:04 Info: rsp_demux_002: "mm_interconnect_1" instantiated altera_merlin_demultiplexer "rsp_demux_002"
Info: 2022.02.02.22:20:04 Info: rsp_mux: "mm_interconnect_1" instantiated altera_merlin_multiplexer "rsp_mux"
Info: 2022.02.02.22:20:04 Info: Reusing file C:/Users/matti/work/pond/daq_msd_dma_pg/soc_system/synthesis/submodules
Info: 2022.02.02.22:20:04 Info: rsp_mux_002: "mm_interconnect_1" instantiated altera_merlin_multiplexer "rsp_mux_002"
Info: 2022.02.02.22:20:04 Info: Reusing file C:/Users/matti/work/pond/daq_msd_dma_pg/soc_system/synthesis/submodules
Info: 2022.02.02.22:20:08 Info: avalon_st_adapter: "mm_interconnect_1" instantiated altera_avalon_st_adapter "avalon_st_adapter"
Info: 2022.02.02.22:20:08 Info: hps_0_f2h_axi_slave_agent: "mm_interconnect_2" instantiated altera_merlin_axi_slave_ni "hps_0_f2h_axi_slave_agent"
Info: 2022.02.02.22:20:08 Info: Reusing file C:/Users/matti/work/pond/daq_msd_dma_pg/soc_system/synthesis/submodules
Info: 2022.02.02.22:20:08 Info: Reusing file C:/Users/matti/work/pond/daq_msd_dma_pg/soc_system/synthesis/submodules
Info: 2022.02.02.22:20:08 Info: Reusing file C:/Users/matti/work/pond/daq_msd_dma_pg/soc_system/synthesis/submodules
Info: 2022.02.02.22:20:08 Info: router: "mm_interconnect_2" instantiated altera_merlin_router "router"
Info: 2022.02.02.22:20:08 Info: router_001: "mm_interconnect_2" instantiated altera_merlin_router "router_001"
Info: 2022.02.02.22:20:08 Info: cmd_demux: "mm_interconnect_2" instantiated altera_merlin_demultiplexer "cmd_demux"
Info: 2022.02.02.22:20:08 Info: cmd_mux: "mm_interconnect_2" instantiated altera_merlin_multiplexer "cmd_mux"
Info: 2022.02.02.22:20:08 Info: Reusing file C:/Users/matti/work/pond/daq_msd_dma_pg/soc_system/synthesis/submodules
Info: 2022.02.02.22:20:08 Info: rsp_demux: "mm_interconnect_2" instantiated altera_merlin_demultiplexer "rsp_demux"
Info: 2022.02.02.22:20:08 Info: rsp_mux: "mm_interconnect_2" instantiated altera_merlin_multiplexer "rsp_mux"
Info: 2022.02.02.22:20:08 Info: Reusing file C:/Users/matti/work/pond/daq_msd_dma_pg/soc_system/synthesis/submodules
Info: 2022.02.02.22:20:08 Info: hps_0_f2h_axi_slave_wr_cmd_width_adapter: "mm_interconnect_2" instantiated altera_merlin_width_adapter "hps_0_f2h_axi_slave_wr_cmd_width_adapter"
Info: 2022.02.02.22:20:08 Info: Reusing file C:/Users/matti/work/pond/daq_msd_dma_pg/soc_system/synthesis/submodules
Info: 2022.02.02.22:20:08 Info: Reusing file C:/Users/matti/work/pond/daq_msd_dma_pg/soc_system/synthesis/submodules
Info: 2022.02.02.22:21:10 Info: border: "hps_io" instantiated altera_interface_generator "border"
Info: 2022.02.02.22:21:11 Info: error_adapter_0: "avalon_st_adapter" instantiated error_adapter "error_adapter_0"
Info: 2022.02.02.22:21:11 Info: soc_system: Done "soc_system" with 61 modules, 129 files
Info: 2022.02.02.22:21:13 Info: qsys-generate succeeded.
Info: 2022.02.02.22:21:13 Info: Finished: Create HDL design files for synthesis
Info (11902): Backing up file "logic/EventFifo.vhd" to "logic/EventFifo.BAK.vhd"
Info (11837): Started upgrading IP component FIFO with file "logic/EventFifo.vhd"
Info (11902): Backing up file "logic/CommandFifo.vhd" to "logic/CommandFifo.BAK.vhd"
Info (11837): Started upgrading IP component FIFO with file "logic/CommandFifo.vhd"
Info (11902): Backing up file "ip/altsource_probe/hps_reset.v" to "ip/altsource_probe/hps_reset.BAK.v"
Info (11837): Started upgrading IP component In-System Sources and Probes with file "ip/altsource_probe/hps_reset.v"
Info (11131): Completed upgrading IP component Qsys with file "soc_system.qsys"
Info (11131): Completed upgrading IP component FIFO with file "logic/EventFifo.vhd"
Info (11131): Completed upgrading IP component FIFO with file "logic/CommandFifo.vhd"
Info (11131): Completed upgrading IP component In-System Sources and Probes with file "ip/altsource_probe/hps_reset.v"
Info (23030): Evaluation of Tcl script c:/intelfpga_lite/20.1/quartus/common/tcl/internal/ip_regen/ip_regen.tcl was successful
Info: Quartus Prime Shell was successful. 0 errors, 7 warnings
    Info: Peak virtual memory: 4881 megabytes
    Info: Processing ended: Wed Feb 02 22:22:35 2022
    Info: Elapsed time: 01:50:26
    Info: Total CPU time (on all processors): 00:13:16


